<?xml version="1.0" encoding="UTF-8"?>
<!-- Generated by org.testng.reporters.JUnitReportReporter -->
<testsuite hostname="ChiNx" name="org.selenium.test.TCR2" tests="1" failures="0" timestamp="18 Jan 2018 17:36:37 GMT" time="24.637" errors="0">
  <testcase name="clickSubscriptions" time="24.637" classname="org.selenium.test.TCR2"/>
</testsuite> <!-- org.selenium.test.TCR2 -->
