<?xml version="1.0" encoding="UTF-8"?>
<!-- Generated by org.testng.reporters.JUnitReportReporter -->
<testsuite hostname="ChiNx" name="org.selenium.test.TC2" tests="1" failures="0" timestamp="13 Dec 2017 14:07:54 GMT" time="45.691" errors="0">
  <testcase name="clickSubscriptions" time="45.691" classname="org.selenium.test.TC2"/>
</testsuite> <!-- org.selenium.test.TC2 -->
